# JRE version: OpenJDK Runtime Environment (8.0_492-b09) (build 1.8.0_492-b09)
# Java VM: OpenJDK 64-Bit Server VM (25.492-b09 mixed mode windows-amd64 compressed oops)
Heap:
 PSYoungGen      total 138240K, used 88287K [0x00000000d5c00000, 0x00000000eb180000, 0x0000000100000000)
  eden space 133120K, 66% used [0x00000000d5c00000,0x00000000db237f08,0x00000000dde00000)
  from space 5120K, 0% used [0x00000000dde00000,0x00000000dde00000,0x00000000de300000)
  to   space 66048K, 0% used [0x00000000e7100000,0x00000000e7100000,0x00000000eb180000)
 ParOldGen       total 227840K, used 112646K [0x0000000081400000, 0x000000008f280000, 0x00000000d5c00000)
  object space 227840K, 49% used [0x0000000081400000,0x00000000882019d0,0x000000008f280000)
 Metaspace       used 11580K, capacity 11834K, committed 12160K, reserved 1060864K
  class space    used 1439K, capacity 1537K, committed 1664K, reserved 1048576K
GC Heap History (10 events):
Event: 0.916 GC heap before
{Heap before GC invocations=3 (full 0):
 PSYoungGen      total 71680K, used 71662K [0x00000000d5c00000, 0x00000000da700000, 0x0000000100000000)
  eden space 66560K, 100% used [0x00000000d5c00000,0x00000000d9d00000,0x00000000d9d00000)
  from space 5120K, 99% used [0x00000000da200000,0x00000000da6fb930,0x00000000da700000)
  to   space 5120K, 0% used [0x00000000d9d00000,0x00000000d9d00000,0x00000000da200000)
 ParOldGen       total 87552K, used 24601K [0x0000000081400000, 0x0000000086980000, 0x00000000d5c00000)
  object space 87552K, 28% used [0x0000000081400000,0x0000000082c06740,0x0000000086980000)
 Metaspace       used 6575K, capacity 6828K, committed 7040K, reserved 1056768K
  class space    used 720K, capacity 790K, committed 896K, reserved 1048576K
Event: 0.933 GC heap after
Heap after GC invocations=3 (full 0):
 PSYoungGen      total 71680K, used 5097K [0x00000000d5c00000, 0x00000000de800000, 0x0000000100000000)
  eden space 66560K, 0% used [0x00000000d5c00000,0x00000000d5c00000,0x00000000d9d00000)
  from space 5120K, 99% used [0x00000000d9d00000,0x00000000da1fa6b8,0x00000000da200000)
  to   space 5120K, 0% used [0x00000000de300000,0x00000000de300000,0x00000000de800000)
 ParOldGen       total 87552K, used 57425K [0x0000000081400000, 0x0000000086980000, 0x00000000d5c00000)
  object space 87552K, 65% used [0x0000000081400000,0x0000000084c146a0,0x0000000086980000)
 Metaspace       used 6575K, capacity 6828K, committed 7040K, reserved 1056768K
  class space    used 720K, capacity 790K, committed 896K, reserved 1048576K
}
Event: 0.934 GC heap before
{Heap before GC invocations=4 (full 1):
 PSYoungGen      total 71680K, used 5097K [0x00000000d5c00000, 0x00000000de800000, 0x0000000100000000)
  eden space 66560K, 0% used [0x00000000d5c00000,0x00000000d5c00000,0x00000000d9d00000)
  from space 5120K, 99% used [0x00000000d9d00000,0x00000000da1fa6b8,0x00000000da200000)
  to   space 5120K, 0% used [0x00000000de300000,0x00000000de300000,0x00000000de800000)
 ParOldGen       total 87552K, used 57425K [0x0000000081400000, 0x0000000086980000, 0x00000000d5c00000)
  object space 87552K, 65% used [0x0000000081400000,0x0000000084c146a0,0x0000000086980000)
 Metaspace       used 6575K, capacity 6828K, committed 7040K, reserved 1056768K
  class space    used 720K, capacity 790K, committed 896K, reserved 1048576K
Event: 0.950 GC heap after
Heap after GC invocations=4 (full 1):
 PSYoungGen      total 71680K, used 0K [0x00000000d5c00000, 0x00000000de800000, 0x0000000100000000)
  eden space 66560K, 0% used [0x00000000d5c00000,0x00000000d5c00000,0x00000000d9d00000)
  from space 5120K, 0% used [0x00000000d9d00000,0x00000000d9d00000,0x00000000da200000)
  to   space 5120K, 0% used [0x00000000de300000,0x00000000de300000,0x00000000de800000)
 ParOldGen       total 120832K, used 44286K [0x0000000081400000, 0x0000000088a00000, 0x00000000d5c00000)
  object space 120832K, 36% used [0x0000000081400000,0x0000000083f3fb10,0x0000000088a00000)
 Metaspace       used 6575K, capacity 6828K, committed 7040K, reserved 1056768K
  class space    used 720K, capacity 790K, committed 896K, reserved 1048576K
}
Event: 1.113 GC heap before
{Heap before GC invocations=5 (full 1):
 PSYoungGen      total 71680K, used 66560K [0x00000000d5c00000, 0x00000000de800000, 0x0000000100000000)
  eden space 66560K, 100% used [0x00000000d5c00000,0x00000000d9d00000,0x00000000d9d00000)
  from space 5120K, 0% used [0x00000000d9d00000,0x00000000d9d00000,0x00000000da200000)
  to   space 5120K, 0% used [0x00000000de300000,0x00000000de300000,0x00000000de800000)
 ParOldGen       total 120832K, used 44286K [0x0000000081400000, 0x0000000088a00000, 0x00000000d5c00000)
  object space 120832K, 36% used [0x0000000081400000,0x0000000083f3fb10,0x0000000088a00000)
 Metaspace       used 6576K, capacity 6828K, committed 7040K, reserved 1056768K
  class space    used 721K, capacity 790K, committed 896K, reserved 1048576K
Event: 1.126 GC heap after
Heap after GC invocations=5 (full 1):
 PSYoungGen      total 124928K, used 5117K [0x00000000d5c00000, 0x00000000de800000, 0x0000000100000000)
  eden space 119808K, 0% used [0x00000000d5c00000,0x00000000d5c00000,0x00000000dd100000)
  from space 5120K, 99% used [0x00000000de300000,0x00000000de7ff7d0,0x00000000de800000)
  to   space 5120K, 0% used [0x00000000dde00000,0x00000000dde00000,0x00000000de300000)
 ParOldGen       total 120832K, used 71245K [0x0000000081400000, 0x0000000088a00000, 0x00000000d5c00000)
  object space 120832K, 58% used [0x0000000081400000,0x0000000085993658,0x0000000088a00000)
 Metaspace       used 6576K, capacity 6828K, committed 7040K, reserved 1056768K
  class space    used 721K, capacity 790K, committed 896K, reserved 1048576K
}
Event: 1.420 GC heap before
{Heap before GC invocations=6 (full 1):
 PSYoungGen      total 124928K, used 124925K [0x00000000d5c00000, 0x00000000de800000, 0x0000000100000000)
  eden space 119808K, 100% used [0x00000000d5c00000,0x00000000dd100000,0x00000000dd100000)
  from space 5120K, 99% used [0x00000000de300000,0x00000000de7ff7d0,0x00000000de800000)
  to   space 5120K, 0% used [0x00000000dde00000,0x00000000dde00000,0x00000000de300000)
 ParOldGen       total 120832K, used 71245K [0x0000000081400000, 0x0000000088a00000, 0x00000000d5c00000)
  object space 120832K, 58% used [0x0000000081400000,0x0000000085993658,0x0000000088a00000)
 Metaspace       used 6576K, capacity 6828K, committed 7040K, reserved 1056768K
  class space    used 721K, capacity 790K, committed 896K, reserved 1048576K
Event: 1.452 GC heap after
Heap after GC invocations=6 (full 1):
 PSYoungGen      total 138240K, used 5108K [0x00000000d5c00000, 0x00000000eb180000, 0x0000000100000000)
  eden space 133120K, 0% used [0x00000000d5c00000,0x00000000d5c00000,0x00000000dde00000)
  from space 5120K, 99% used [0x00000000dde00000,0x00000000de2fd090,0x00000000de300000)
  to   space 66048K, 0% used [0x00000000e7100000,0x00000000e7100000,0x00000000eb180000)
 ParOldGen       total 130048K, used 129698K [0x0000000081400000, 0x0000000089300000, 0x00000000d5c00000)
  object space 130048K, 99% used [0x0000000081400000,0x00000000892a8810,0x0000000089300000)
 Metaspace       used 6576K, capacity 6828K, committed 7040K, reserved 1056768K
  class space    used 721K, capacity 790K, committed 896K, reserved 1048576K
}
Event: 1.452 GC heap before
{Heap before GC invocations=7 (full 2):
 PSYoungGen      total 138240K, used 5108K [0x00000000d5c00000, 0x00000000eb180000, 0x0000000100000000)
  eden space 133120K, 0% used [0x00000000d5c00000,0x00000000d5c00000,0x00000000dde00000)
  from space 5120K, 99% used [0x00000000dde00000,0x00000000de2fd090,0x00000000de300000)
  to   space 66048K, 0% used [0x00000000e7100000,0x00000000e7100000,0x00000000eb180000)
 ParOldGen       total 130048K, used 129698K [0x0000000081400000, 0x0000000089300000, 0x00000000d5c00000)
  object space 130048K, 99% used [0x0000000081400000,0x00000000892a8810,0x0000000089300000)
 Metaspace       used 6576K, capacity 6828K, committed 7040K, reserved 1056768K
  class space    used 721K, capacity 790K, committed 896K, reserved 1048576K
Event: 1.487 GC heap after
Heap after GC invocations=7 (full 2):
 PSYoungGen      total 138240K, used 0K [0x00000000d5c00000, 0x00000000eb180000, 0x0000000100000000)
  eden space 133120K, 0% used [0x00000000d5c00000,0x00000000d5c00000,0x00000000dde00000)
  from space 5120K, 0% used [0x00000000dde00000,0x00000000dde00000,0x00000000de300000)
  to   space 66048K, 0% used [0x00000000e7100000,0x00000000e7100000,0x00000000eb180000)
 ParOldGen       total 227840K, used 112646K [0x0000000081400000, 0x000000008f280000, 0x00000000d5c00000)
  object space 227840K, 49% used [0x0000000081400000,0x00000000882019d0,0x000000008f280000)
 Metaspace       used 6576K, capacity 6828K, committed 7040K, reserved 1056768K
  class space    used 721K, capacity 790K, committed 896K, reserved 1048576K
}

